[2024-09-13 08:53:26.925] [info] Updating Model file from 40000 to latest format...
[2024-09-13 08:53:26.954] [info] Loaded model Hamner_modified_scaled from file C:\Users\sjd3333\Desktop\predsim_tutorial\OpenSimModel\Hamner_modified\Model\Hamner_modified_scaled.osim
[2024-09-13 09:37:40.978] [info] Updating Model file from 40000 to latest format...
[2024-09-13 09:37:40.995] [info] Loaded model Hamner_modified_scaled from file C:/Users/sjd3333/Desktop/predsim_tutorial/OpenSimModel/Hamner_modified/Model/Hamner_modified_scaled.osim
[2024-09-13 09:40:27.766] [info] Updating Model file from 40000 to latest format...
[2024-09-13 09:40:27.784] [info] Loaded model Hamner_modified_scaled from file C:/Users/sjd3333/Desktop/predsim_tutorial/OpenSimModel/Hamner_modified/Model/Hamner_modified_scaled.osim
[2024-09-13 09:51:21.205] [info] Updating Model file from 40000 to latest format...
[2024-09-13 09:51:21.224] [info] Loaded model Hamner_modified_scaled from file C:/Users/sjd3333/Desktop/predsim_tutorial/OpenSimModel/Hamner_modified/Model/Hamner_modified_scaled.osim
[2024-09-13 09:55:02.447] [info] Updating Model file from 40000 to latest format...
[2024-09-13 09:55:02.464] [info] Loaded model 3DGaitModelwithSimpleArms from file C:\Users\sjd3333\Desktop\predsim_tutorial\OpenSimModel\Hamner_modified\Model\Hamner_modified.osim
[2024-09-13 10:20:20.932] [info] Updating Model file from 40000 to latest format...
[2024-09-13 10:20:20.952] [info] Loaded model 3DGaitModelwithSimpleArms from file C:\Users\sjd3333\Desktop\predsim_tutorial\OpenSimModel\Hamner_modified\Model\Hamner_modified.osim
[2024-09-13 10:20:40.269] [info] Updating Model file from 40000 to latest format...
[2024-09-13 10:20:40.288] [info] Loaded model Hamner_modified_scaled from file C:\Users\sjd3333\Desktop\predsim_tutorial\OpenSimModel\Hamner_modified\Model\Hamner_modified_scaled.osim
[2024-09-13 10:22:24.621] [info] Updating Model file from 40000 to latest format...
[2024-09-13 10:22:24.640] [info] Loaded model Hamner_modified_scaled from file C:\Users\sjd3333\Desktop\predsim_tutorial\OpenSimModel\Hamner_modified\Model\Hamner_modified_scaled.osim
[2024-09-13 10:24:18.955] [info] Updating Model file from 40000 to latest format...
[2024-09-13 10:24:18.976] [info] Loaded model 3DGaitModelwithSimpleArms from file C:\Users\sjd3333\Desktop\predsim_tutorial\OpenSimModel\Hamner_modified\Model\Hamner_modified.osim
[2024-09-13 10:24:31.659] [info] Updating Model file from 40000 to latest format...
[2024-09-13 10:24:31.678] [info] Loaded model Hamner_modified_scaled from file C:\Users\sjd3333\Desktop\predsim_tutorial\OpenSimModel\Hamner_modified\Model\Hamner_modified_scaled copy.osim
[2024-09-13 10:28:23.610] [info] Updating Model file from 40000 to latest format...
[2024-09-13 10:28:23.627] [info] Loaded model Hamner_modified_scaled from file C:\Users\sjd3333\Desktop\predsim_tutorial\OpenSimModel\Hamner_modified\Model\Hamner_modified_scaled.osim
[2024-09-13 10:37:08.290] [info] Updating Model file from 40000 to latest format...
[2024-09-13 10:37:08.309] [info] Loaded model Hamner_modified_scaled from file C:\Users\sjd3333\Desktop\predsim_tutorial\OpenSimModel\Hamner_modified\Model\Hamner_modified_scaled.osim
[2024-09-13 10:38:03.570] [info] Updating Model file from 40000 to latest format...
[2024-09-13 10:38:03.587] [info] Loaded model Hamner_modified_scaled from file C:\Users\sjd3333\Desktop\predsim_tutorial\OpenSimModel\Hamner_modified\Model\Hamner_modified_scaled.osim
[2024-09-13 10:40:19.739] [info] Updating Model file from 40000 to latest format...
[2024-09-13 10:40:19.757] [info] Loaded model Hamner_modified_scaled from file C:\Users\sjd3333\Desktop\predsim_tutorial\OpenSimModel\Hamner_modified\Model\Hamner_modified_scaled.osim
[2024-09-13 10:40:37.771] [info] Updating Model file from 40000 to latest format...
[2024-09-13 10:40:37.787] [info] Loaded model Hamner_modified_scaled from file C:\Users\sjd3333\Desktop\predsim_tutorial\OpenSimModel\Hamner_modified\Model\Hamner_modified_scaled.osim
[2024-09-13 10:41:36.579] [info] Storage: read data file = C:\Users\sjd3333\Desktop\predsim_tutorial\OpenSimModel\Hamner_modified\Model\Hamner_modified_scaled.mot (nr=1 nc=247)
[2024-09-13 10:43:54.788] [info] Updating Model file from 40000 to latest format...
[2024-09-13 10:43:54.805] [info] Loaded model Hamner_modified_scaled from file C:\Users\sjd3333\Desktop\predsim_tutorial\OpenSimModel\Hamner_modified\Model\Hamner_modified_scaled.osim
[2024-09-13 10:44:00.538] [info] Storage: read data file = C:\Users\sjd3333\Desktop\predsim_tutorial\OpenSimModel\Hamner_modified\Model\Hamner_modified_scaled.mot (nr=1 nc=247)
[2024-09-13 10:47:39.523] [info] Storage: read data file = C:\Users\sjd3333\Desktop\predsim_tutorial\Results\Case_0_ref\motion.mot (nr=50 nc=124)
[2024-09-13 10:48:23.939] [info] Storage: read data file = C:\Users\sjd3333\Desktop\predsim_tutorial\Results\Case_0_ref\GRF.mot (nr=50 nc=19)
[2024-09-13 10:50:11.802] [info] Updating Model file from 40000 to latest format...
[2024-09-13 10:50:11.819] [info] Loaded model Hamner_modified_scaled from file C:\Users\sjd3333\Desktop\predsim_tutorial\OpenSimModel\Hamner_modified_stifferContacts\Model\Hamner_modified_stifferContacts_scaled.osim
[2024-09-13 10:50:29.288] [info] Storage: read data file = C:\Users\sjd3333\Desktop\predsim_tutorial\Results\Case_0_ref\motion.mot (nr=50 nc=124)
[2024-09-13 10:50:38.131] [info] Storage: read data file = C:\Users\sjd3333\Desktop\predsim_tutorial\Results\Case_0_ref\GRF.mot (nr=50 nc=19)
[2024-09-13 10:51:12.457] [info] Updating Model file from 40000 to latest format...
[2024-09-13 10:51:12.476] [info] Loaded model Hamner_modified_scaled from file C:\Users\sjd3333\Desktop\predsim_tutorial\OpenSimModel\Hamner_modified_weakerRightGluts\Model\Hamner_modified_weakerRightGluts_scaled.osim
[2024-09-13 10:51:24.474] [info] Storage: read data file = C:\Users\sjd3333\Desktop\predsim_tutorial\Results\Case_0_ref\motion.mot (nr=50 nc=124)
[2024-09-13 10:51:36.049] [info] Storage: read data file = C:\Users\sjd3333\Desktop\predsim_tutorial\Results\Case_0_ref\GRF.mot (nr=50 nc=19)
